Running clustalw:
clustalw -align -type=dna -INFILE=/tmp/tmprnlmob5a -OUTFILE=/tmp/tmpnjq2zh0k -OUTPUT=CLUSTAL
Running clustalw:
clustalw -align -type=dna -INFILE=/tmp/tmpe5txc81c -OUTFILE=/tmp/tmpnkkw1wwy -OUTPUT=CLUSTAL
Running clustalw:
clustalw -align -type=dna -INFILE=/tmp/tmp21k44ajp -OUTFILE=/tmp/tmppmpgotka -OUTPUT=CLUSTAL
Running clustalw:
clustalw -align -type=dna -INFILE=/tmp/tmps6w_jx_6 -OUTFILE=/tmp/tmphpn4zo90 -OUTPUT=CLUSTAL
Running clustalw:
clustalw -align -type=dna -INFILE=/tmp/tmp5ipr5etr -OUTFILE=/tmp/tmpq11mmchj -OUTPUT=CLUSTAL
Running clustalw:
clustalw -align -type=dna -INFILE=/tmp/tmp3zi11d90 -OUTFILE=/tmp/tmp7ylao385 -OUTPUT=CLUSTAL
Running clustalw:
clustalw -align -type=dna -INFILE=/tmp/tmpmiin9fep -OUTFILE=/tmp/tmpyx7tmoar -OUTPUT=CLUSTAL
Running clustalw:
clustalw -align -type=dna -INFILE=/tmp/tmphj5y999n -OUTFILE=/tmp/tmpougv56jv -OUTPUT=CLUSTAL
Running clustalw:
clustalw -align -type=dna -INFILE=/tmp/tmpmyl1alxt -OUTFILE=/tmp/tmpueafjcm9 -OUTPUT=CLUSTAL
Running clustalw:
clustalw -align -type=dna -INFILE=/tmp/tmpbx4r0mrd -OUTFILE=/tmp/tmpx5x37n6d -OUTPUT=CLUSTAL
Running clustalw:
clustalw -align -type=dna -INFILE=/tmp/tmp4plleq_j -OUTFILE=/tmp/tmpu2b_echh -OUTPUT=CLUSTAL
Running clustalw:
clustalw -align -type=dna -INFILE=/tmp/tmpvkfldgs_ -OUTFILE=/tmp/tmpqt07xdob -OUTPUT=CLUSTAL
Running clustalw:
clustalw -align -type=dna -INFILE=/tmp/tmpwu7o_r88 -OUTFILE=/tmp/tmps9hgvyr2 -OUTPUT=CLUSTAL
Running clustalw:
clustalw -align -type=dna -INFILE=/tmp/tmp24lch57e -OUTFILE=/tmp/tmpkkde9nrk -OUTPUT=CLUSTAL
Running clustalw:
clustalw -align -type=dna -INFILE=/tmp/tmp43pokcxz -OUTFILE=/tmp/tmpc9urmqy5 -OUTPUT=CLUSTAL
Running clustalw:
clustalw -align -type=dna -INFILE=/tmp/tmps53702jb -OUTFILE=/tmp/tmp92751q8d -OUTPUT=CLUSTAL
Running clustalw:
clustalw -align -type=dna -INFILE=/tmp/tmppa726qrm -OUTFILE=/tmp/tmpgfleaqi1 -OUTPUT=CLUSTAL
Running clustalw:
clustalw -align -type=dna -INFILE=/tmp/tmpqj9w34i3 -OUTFILE=/tmp/tmp0c71bxr_ -OUTPUT=CLUSTAL
Running clustalw:
clustalw -align -type=dna -INFILE=/tmp/tmp_ugkcsn6 -OUTFILE=/tmp/tmpvjm2uigt -OUTPUT=CLUSTAL
Running clustalw:
clustalw -align -type=dna -INFILE=/tmp/tmpivze74uk -OUTFILE=/tmp/tmphkvk2dja -OUTPUT=CLUSTAL
Running clustalw:
clustalw -align -type=dna -INFILE=/tmp/tmpzx682_ly -OUTFILE=/tmp/tmp33xg1m28 -OUTPUT=CLUSTAL
Running clustalw:
clustalw -align -type=dna -INFILE=/tmp/tmplpfy7r8r -OUTFILE=/tmp/tmp6y_m4n5v -OUTPUT=CLUSTAL
Running clustalw:
clustalw -align -type=dna -INFILE=/tmp/tmp9dt0uc19 -OUTFILE=/tmp/tmp098ti_aa -OUTPUT=CLUSTAL
Running clustalw:
clustalw -align -type=dna -INFILE=/tmp/tmpjell2t6d -OUTFILE=/tmp/tmpsd3hz2pd -OUTPUT=CLUSTAL
Running clustalw:
clustalw -align -type=dna -INFILE=/tmp/tmp8jtrks_2 -OUTFILE=/tmp/tmp2qshnzyo -OUTPUT=CLUSTAL
Running clustalw:
clustalw -align -type=dna -INFILE=/tmp/tmpy7wnx9ak -OUTFILE=/tmp/tmpy4igge5l -OUTPUT=CLUSTAL
Running clustalw:
clustalw -align -type=dna -INFILE=/tmp/tmpjhr1qcpt -OUTFILE=/tmp/tmp4rtjhaul -OUTPUT=CLUSTAL
Running clustalw:
clustalw -align -type=dna -INFILE=/tmp/tmpmwnha90c -OUTFILE=/tmp/tmpkuj56sej -OUTPUT=CLUSTAL
Running clustalw:
clustalw -align -type=dna -INFILE=/tmp/tmprz0i037w -OUTFILE=/tmp/tmpwtiw9q50 -OUTPUT=CLUSTAL
Running clustalw:
clustalw -align -type=dna -INFILE=/tmp/tmptq_1nx7t -OUTFILE=/tmp/tmpztegrho1 -OUTPUT=CLUSTAL
Running clustalw:
clustalw -align -type=dna -INFILE=/tmp/tmpcaeia6ml -OUTFILE=/tmp/tmp5iudsb9w -OUTPUT=CLUSTAL
Running clustalw:
clustalw -align -type=dna -INFILE=/tmp/tmpnnyrzl99 -OUTFILE=/tmp/tmpe2i583iy -OUTPUT=CLUSTAL
Running clustalw:
clustalw -align -type=dna -INFILE=/tmp/tmpd5wotxag -OUTFILE=/tmp/tmpdc0r13km -OUTPUT=CLUSTAL
Running clustalw:
clustalw -align -type=dna -INFILE=/tmp/tmpaegr5v1_ -OUTFILE=/tmp/tmpoqnndde6 -OUTPUT=CLUSTAL
Running clustalw:
clustalw -align -type=dna -INFILE=/tmp/tmpl6okdnni -OUTFILE=/tmp/tmpj1hbnq27 -OUTPUT=CLUSTAL
Running clustalw:
clustalw -align -type=dna -INFILE=/tmp/tmpvnko3ny1 -OUTFILE=/tmp/tmpty71_ai3 -OUTPUT=CLUSTAL
Running clustalw:
clustalw -align -type=dna -INFILE=/tmp/tmpeipdd7o4 -OUTFILE=/tmp/tmp69o55db7 -OUTPUT=CLUSTAL
Running clustalw:
clustalw -align -type=dna -INFILE=/tmp/tmpmmehg0x6 -OUTFILE=/tmp/tmpx3nz5tqb -OUTPUT=CLUSTAL
Running clustalw:
clustalw -align -type=dna -INFILE=/tmp/tmpqxpxzysj -OUTFILE=/tmp/tmpv7nxgbbl -OUTPUT=CLUSTAL
Running clustalw:
clustalw -align -type=dna -INFILE=/tmp/tmplbo5tg7g -OUTFILE=/tmp/tmpax9ju9z6 -OUTPUT=CLUSTAL
Running clustalw:
clustalw -align -type=dna -INFILE=/tmp/tmpbv163h5v -OUTFILE=/tmp/tmpglrf8nlz -OUTPUT=CLUSTAL
Running clustalw:
clustalw -align -type=dna -INFILE=/tmp/tmpy2up0a3q -OUTFILE=/tmp/tmpolgtfplv -OUTPUT=CLUSTAL
Running clustalw:
clustalw -align -type=dna -INFILE=/tmp/tmpvktk9xdr -OUTFILE=/tmp/tmplke_sb40 -OUTPUT=CLUSTAL
Running clustalw:
clustalw -align -type=dna -INFILE=/tmp/tmpstzkuwb3 -OUTFILE=/tmp/tmpef_jom3i -OUTPUT=CLUSTAL
Running clustalw:
clustalw -align -type=dna -INFILE=/tmp/tmpn_avhcqv -OUTFILE=/tmp/tmplc5e_m6z -OUTPUT=CLUSTAL
Running clustalw:
clustalw -align -type=dna -INFILE=/tmp/tmpexg8edui -OUTFILE=/tmp/tmpx5khnac1 -OUTPUT=CLUSTAL
Running clustalw:
clustalw -align -type=dna -INFILE=/tmp/tmpdoer1inm -OUTFILE=/tmp/tmpdzpp7de3 -OUTPUT=CLUSTAL
Running clustalw:
clustalw -align -type=dna -INFILE=/tmp/tmp2tz_vkjt -OUTFILE=/tmp/tmpmgl4_jo9 -OUTPUT=CLUSTAL
Running clustalw:
clustalw -align -type=dna -INFILE=/tmp/tmpl6p7mc1_ -OUTFILE=/tmp/tmpxe3lqyij -OUTPUT=CLUSTAL
Running clustalw:
clustalw -align -type=dna -INFILE=/tmp/tmpiuqc7vey -OUTFILE=/tmp/tmp5mpqqwo3 -OUTPUT=CLUSTAL
Running clustalw:
clustalw -align -type=dna -INFILE=/tmp/tmpirkkt577 -OUTFILE=/tmp/tmpdz0cuivv -OUTPUT=CLUSTAL
Running clustalw:
clustalw -align -type=dna -INFILE=/tmp/tmpn0_zkj3u -OUTFILE=/tmp/tmphktb9pos -OUTPUT=CLUSTAL
Running clustalw:
clustalw -align -type=dna -INFILE=/tmp/tmp7_qm0vp5 -OUTFILE=/tmp/tmp6gob56gr -OUTPUT=CLUSTAL
Running clustalw:
clustalw -align -type=dna -INFILE=/tmp/tmpzxy_bu2x -OUTFILE=/tmp/tmpydlvabvv -OUTPUT=CLUSTAL
Running clustalw:
clustalw -align -type=dna -INFILE=/tmp/tmp31np4nsk -OUTFILE=/tmp/tmpyq6znm04 -OUTPUT=CLUSTAL
Running clustalw:
clustalw -align -type=dna -INFILE=/tmp/tmpi9izw07x -OUTFILE=/tmp/tmpc5zyjoyq -OUTPUT=CLUSTAL
Running clustalw:
clustalw -align -type=dna -INFILE=/tmp/tmpr07jyudx -OUTFILE=/tmp/tmpbbr9tevr -OUTPUT=CLUSTAL
Running clustalw:
clustalw -align -type=dna -INFILE=/tmp/tmpzpcvbl1l -OUTFILE=/tmp/tmp2odq44zs -OUTPUT=CLUSTAL
Running clustalw:
clustalw -align -type=dna -INFILE=/tmp/tmp098zkovs -OUTFILE=/tmp/tmptqszmset -OUTPUT=CLUSTAL
Running clustalw:
clustalw -align -type=dna -INFILE=/tmp/tmp2ugs4_r4 -OUTFILE=/tmp/tmpq9fiv7w7 -OUTPUT=CLUSTAL
Running clustalw:
clustalw -align -type=dna -INFILE=/tmp/tmp3v9c49sw -OUTFILE=/tmp/tmpbl7ut044 -OUTPUT=CLUSTAL
Running clustalw:
clustalw -align -type=dna -INFILE=/tmp/tmp2s4qw7ga -OUTFILE=/tmp/tmpqc8y3r7y -OUTPUT=CLUSTAL
Running clustalw:
clustalw -align -type=dna -INFILE=/tmp/tmptre4_mrp -OUTFILE=/tmp/tmpb3giz3pi -OUTPUT=CLUSTAL
Running clustalw:
clustalw -align -type=dna -INFILE=/tmp/tmpdxlm6p63 -OUTFILE=/tmp/tmpel38aszm -OUTPUT=CLUSTAL
Running clustalw:
clustalw -align -type=dna -INFILE=/tmp/tmpu0pogz6y -OUTFILE=/tmp/tmps45oyhwi -OUTPUT=CLUSTAL
Running clustalw:
clustalw -align -type=dna -INFILE=/tmp/tmpnvr0nlv9 -OUTFILE=/tmp/tmpg79rject -OUTPUT=CLUSTAL
Running clustalw:
clustalw -align -type=dna -INFILE=/tmp/tmpvth_u_od -OUTFILE=/tmp/tmpqsj6kmnf -OUTPUT=CLUSTAL
Running clustalw:
clustalw -align -type=dna -INFILE=/tmp/tmp2o3fcz9v -OUTFILE=/tmp/tmpawchadt1 -OUTPUT=CLUSTAL
Running clustalw:
clustalw -align -type=dna -INFILE=/tmp/tmp58vvlzah -OUTFILE=/tmp/tmpwtupg7ag -OUTPUT=CLUSTAL
Running clustalw:
clustalw -align -type=dna -INFILE=/tmp/tmpna525qpd -OUTFILE=/tmp/tmp1o9x7wau -OUTPUT=CLUSTAL
Running clustalw:
clustalw -align -type=dna -INFILE=/tmp/tmpkakfg9d7 -OUTFILE=/tmp/tmpvqbiax23 -OUTPUT=CLUSTAL
Running clustalw:
clustalw -align -type=dna -INFILE=/tmp/tmp1sghim4u -OUTFILE=/tmp/tmpu35_a4hn -OUTPUT=CLUSTAL
Running clustalw:
clustalw -align -type=dna -INFILE=/tmp/tmpvu091ffn -OUTFILE=/tmp/tmp9yxyrre4 -OUTPUT=CLUSTAL
Running clustalw:
clustalw -align -type=dna -INFILE=/tmp/tmpfntxr96q -OUTFILE=/tmp/tmpvoe93mg2 -OUTPUT=CLUSTAL
Running clustalw:
clustalw -align -type=dna -INFILE=/tmp/tmprbkneyi9 -OUTFILE=/tmp/tmp_50s288c -OUTPUT=CLUSTAL
Running clustalw:
clustalw -align -type=dna -INFILE=/tmp/tmp3ey283zh -OUTFILE=/tmp/tmph67h6xtc -OUTPUT=CLUSTAL
Running clustalw:
clustalw -align -type=dna -INFILE=/tmp/tmpnh7y9yzy -OUTFILE=/tmp/tmpe4whu2l0 -OUTPUT=CLUSTAL
Running clustalw:
clustalw -align -type=dna -INFILE=/tmp/tmpk7i6qspr -OUTFILE=/tmp/tmpi4190017 -OUTPUT=CLUSTAL
Running clustalw:
clustalw -align -type=dna -INFILE=/tmp/tmpykxq8y5_ -OUTFILE=/tmp/tmpcl40ahja -OUTPUT=CLUSTAL
Running clustalw:
clustalw -align -type=dna -INFILE=/tmp/tmpp49q5z2y -OUTFILE=/tmp/tmpwd781agv -OUTPUT=CLUSTAL
Running clustalw:
clustalw -align -type=dna -INFILE=/tmp/tmp0a_wl5ks -OUTFILE=/tmp/tmpa32ghf92 -OUTPUT=CLUSTAL
Running clustalw:
clustalw -align -type=dna -INFILE=/tmp/tmp74iu3awf -OUTFILE=/tmp/tmpe7va9dt7 -OUTPUT=CLUSTAL
